<?xml version="1.0" encoding="UTF-8"?>
<!-- Generated by org.testng.reporters.JUnitXMLReporter -->
<testsuite hostname="ICPL12103" ignored="2" name="Default test" tests="1" failures="0" timestamp="24 Oct 2017 10:35:46 GMT" time="47.582" errors="0">
  <testcase name="createAccount" time="27.263" classname="com.myFrmwrk.test.HomePage"/>
  <testcase name="verifyTitle" time="0.0" classname="com.myFrmwrk.test.HomePage">
    <ignored/>
  </testcase> <!-- verifyTitle -->
  <testcase name="veritest" time="0.0" classname="com.myFrmwrk.test.HomePage">
    <ignored/>
  </testcase> <!-- veritest -->
</testsuite> <!-- Default test -->
