<?xml version="1.0" encoding="UTF-8"?>
<testng-results skipped="0" failed="0" ignored="2" total="3" passed="1">
  <reporter-output>
  </reporter-output>
  <suite name="Default suite" duration-ms="47582" started-at="2017-10-24T10:34:58Z" finished-at="2017-10-24T10:35:46Z">
    <groups>
    </groups>
    <test name="Default test" duration-ms="47582" started-at="2017-10-24T10:34:58Z" finished-at="2017-10-24T10:35:46Z">
      <class name="com.myFrmwrk.test.HomePage">
        <test-method status="PASS" signature="openPage()[pri:0, instance:com.myFrmwrk.test.HomePage@3e27aa33]" name="openPage" is-config="true" duration-ms="20222" started-at="2017-10-24T16:04:58Z" finished-at="2017-10-24T16:05:18Z">
          <reporter-output>
          </reporter-output>
        </test-method> <!-- openPage -->
        <test-method status="PASS" signature="createAccount()[pri:0, instance:com.myFrmwrk.test.HomePage@3e27aa33]" name="createAccount" duration-ms="27263" started-at="2017-10-24T16:05:18Z" finished-at="2017-10-24T16:05:46Z">
          <reporter-output>
          </reporter-output>
        </test-method> <!-- createAccount -->
        <test-method status="PASS" signature="cleanup()[pri:0, instance:com.myFrmwrk.test.HomePage@3e27aa33]" name="cleanup" is-config="true" duration-ms="76" started-at="2017-10-24T16:05:46Z" finished-at="2017-10-24T16:05:46Z">
          <reporter-output>
          </reporter-output>
        </test-method> <!-- cleanup -->
      </class> <!-- com.myFrmwrk.test.HomePage -->
    </test> <!-- Default test -->
  </suite> <!-- Default suite -->
</testng-results>
